<?xml version="1.0" encoding="UTF-8"?>
<testsuite name="br.com.concrete.treinamentotestes.case01.component.GreetingsGeneratorTest" tests="1" skipped="0" failures="0" errors="0" timestamp="2021-03-10T02:58:20" hostname="CPX-EURZCSC5CVJ" time="0.027">
  <properties/>
  <testcase name="helloWorldTest()" classname="br.com.concrete.treinamentotestes.case01.component.GreetingsGeneratorTest" time="0.027"/>
  <system-out><![CDATA[]]></system-out>
  <system-err><![CDATA[]]></system-err>
</testsuite>
